<?xml version="1.0" encoding="UTF-8"?>
<!-- Generated by org.testng.reporters.JUnitReportReporter -->
<testsuite hostname="home" name="kh.selenium.pages.selenium.LoginTest" tests="1" failures="0" timestamp="29 Jun 2015 13:25:01 GMT" time="2.429" errors="0">
  <testcase name="login" time="2.429" classname="kh.selenium.pages.selenium.LoginTest"/>
</testsuite> <!-- kh.selenium.pages.selenium.LoginTest -->
