<?xml version="1.0" encoding="UTF-8"?>
<!-- Generated by org.testng.reporters.JUnitReportReporter -->
<testsuite hostname="home" name="kh.selenium.pages.LoginTest" tests="1" failures="0" timestamp="28 Jun 2015 15:25:39 GMT" time="1.042" errors="0">
  <testcase name="testUntitled" time="1.042" classname="kh.selenium.pages.LoginTest"/>
</testsuite> <!-- kh.selenium.pages.LoginTest -->
